<?xml version="1.0" encoding="UTF-8"?>
<!-- Generated by org.testng.reporters.JUnitReportReporter -->
<testsuite hostname="C02Z34VTLVCF" failures="0" tests="2" name="application.test.DemoTestNg" time="0.007" errors="0" timestamp="2022-01-19T21:02:41 IST" skipped="0">
  <testcase classname="application.test.DemoTestNg" name="test2" time="0.002"/>
  <system-out>
    <![CDATA[Test2 ... ]]>
  </system-out>
  <testcase classname="application.test.DemoTestNg" name="test1" time="0.005"/>
  <system-out>
    <![CDATA[Test1 ... ]]>
  </system-out>
</testsuite> <!-- application.test.DemoTestNg -->
