<?xml version="1.0" encoding="UTF-8"?>
<!-- Generated by org.testng.reporters.JUnitReportReporter -->
<testsuite hostname="C02Z34VTLVCF" failures="0" tests="2" name="application.test.TestFormFillupUsingTestNg" time="0.010" errors="0" timestamp="2022-01-16T12:53:13 IST" skipped="0">
  <testcase classname="application.test.TestFormFillupUsingTestNg" name="fill1" time="0.006"/>
  <system-out>
    <![CDATA[Test1 ... ]]>
  </system-out>
  <testcase classname="application.test.TestFormFillupUsingTestNg" name="fill2" time="0.004"/>
  <system-out>
    <![CDATA[Test2 ... ]]>
  </system-out>
</testsuite> <!-- application.test.TestFormFillupUsingTestNg -->
